2025-11-17 21:29:35,142 - INFO - Start polling
2025-11-17 21:29:35,373 - INFO - Run polling for bot @ControlPCamz_bot id=7047869203 - 'ControlPC'
2025-11-17 21:29:44,540 - INFO - Update id=999231093 is handled. Duration 425 ms by bot id=7047869203
2025-11-17 21:29:53,117 - INFO - Update id=999231094 is handled. Duration 995 ms by bot id=7047869203
2025-11-17 21:29:56,007 - INFO - Update id=999231095 is handled. Duration 274 ms by bot id=7047869203
2025-11-17 21:30:00,717 - INFO - Update id=999231096 is handled. Duration 292 ms by bot id=7047869203
2025-11-17 21:55:30,956 - INFO - Start polling
2025-11-17 21:55:31,234 - INFO - Run polling for bot @ControlPCamz_bot id=7047869203 - 'ControlPC'
2025-11-17 21:55:31,548 - INFO - Update id=999231100 is not handled. Duration 202 ms by bot id=7047869203
2025-11-17 21:55:31,548 - ERROR - Cause exception while process update id=999231100 by bot id=7047869203
2025-11-17 21:55:31,572 - INFO - Update id=999231098 is handled. Duration 227 ms by bot id=7047869203
2025-11-17 21:55:31,606 - INFO - Update id=999231097 is handled. Duration 261 ms by bot id=7047869203
2025-11-17 21:55:51,090 - INFO - Update id=999231101 is handled. Duration 329 ms by bot id=7047869203
2025-11-17 21:55:53,847 - INFO - Update id=999231102 is handled. Duration 265 ms by bot id=7047869203
2025-11-17 21:55:58,888 - INFO - Update id=999231103 is not handled. Duration 1 ms by bot id=7047869203
2025-11-17 21:56:28,582 - INFO - Update id=999231104 is handled. Duration 111 ms by bot id=7047869203
2025-11-17 21:56:40,297 - INFO - Start polling
2025-11-17 21:56:40,487 - INFO - Run polling for bot @ControlPCamz_bot id=7047869203 - 'ControlPC'
2025-11-17 21:56:48,152 - INFO - Update id=999231105 is handled. Duration 259 ms by bot id=7047869203
2025-11-17 21:57:00,316 - INFO - Update id=999231106 is handled. Duration 10718 ms by bot id=7047869203
2025-11-17 21:59:09,724 - INFO - Start polling
2025-11-17 21:59:09,945 - INFO - Run polling for bot @ControlPCamz_bot id=7047869203 - 'ControlPC'
2025-11-17 21:59:11,870 - INFO - Update id=999231107 is handled. Duration 407 ms by bot id=7047869203
2025-11-17 21:59:25,951 - INFO - Update id=999231108 is handled. Duration 10642 ms by bot id=7047869203
2025-11-17 21:59:32,523 - INFO - Update id=999231109 is handled. Duration 437 ms by bot id=7047869203
2025-11-17 21:59:37,543 - INFO - Update id=999231110 is handled. Duration 179 ms by bot id=7047869203
2025-11-17 21:59:39,064 - INFO - Update id=999231111 is handled. Duration 233 ms by bot id=7047869203
2025-11-18 14:05:51,322 - INFO - Start polling
2025-11-18 14:05:51,550 - INFO - Run polling for bot @ControlPCamz_bot id=7047869203 - 'ControlPC'
2025-11-18 14:05:51,938 - INFO - Update id=999231117 is handled. Duration 310 ms by bot id=7047869203
2025-11-18 14:05:51,989 - INFO - Update id=999231116 is handled. Duration 362 ms by bot id=7047869203
2025-11-18 14:05:52,013 - INFO - Update id=999231114 is handled. Duration 386 ms by bot id=7047869203
2025-11-18 14:06:57,380 - INFO - Start polling
2025-11-18 14:06:57,613 - INFO - Run polling for bot @ControlPCamz_bot id=7047869203 - 'ControlPC'
2025-11-18 14:06:57,915 - INFO - Update id=999231118 is handled. Duration 226 ms by bot id=7047869203
2025-11-18 14:07:00,945 - INFO - Update id=999231119 is handled. Duration 181 ms by bot id=7047869203
2025-11-18 14:07:02,558 - INFO - Update id=999231120 is handled. Duration 364 ms by bot id=7047869203
2025-11-18 14:07:03,904 - INFO - Update id=999231121 is handled. Duration 271 ms by bot id=7047869203
2025-11-18 14:07:08,542 - INFO - Update id=999231122 is handled. Duration 281 ms by bot id=7047869203
2025-11-18 14:07:13,409 - INFO - Update id=999231123 is handled. Duration 241 ms by bot id=7047869203
2025-11-18 14:07:21,098 - INFO - Update id=999231124 is handled. Duration 315 ms by bot id=7047869203
2025-11-18 14:07:24,473 - INFO - Update id=999231125 is handled. Duration 191 ms by bot id=7047869203
2025-11-18 14:07:26,076 - INFO - Update id=999231126 is handled. Duration 164 ms by bot id=7047869203
2025-11-18 14:11:42,536 - INFO - Start polling
2025-11-18 14:11:42,736 - INFO - Run polling for bot @ControlPCamz_bot id=7047869203 - 'ControlPC'
2025-11-18 14:11:43,105 - INFO - Update id=999231127 is handled. Duration 303 ms by bot id=7047869203
2025-11-18 14:11:47,244 - INFO - Update id=999231128 is handled. Duration 340 ms by bot id=7047869203
2025-11-18 14:11:53,068 - INFO - Update id=999231129 is handled. Duration 287 ms by bot id=7047869203
2025-11-18 14:11:56,690 - INFO - Update id=999231130 is handled. Duration 293 ms by bot id=7047869203
2025-11-18 14:12:04,257 - INFO - Update id=999231131 is handled. Duration 279 ms by bot id=7047869203
2025-11-18 14:12:08,818 - INFO - Update id=999231132 is handled. Duration 913 ms by bot id=7047869203
2025-11-18 14:24:53,140 - INFO - Update id=999231133 is handled. Duration 269 ms by bot id=7047869203
2025-11-18 14:25:00,352 - INFO - Update id=999231134 is handled. Duration 349 ms by bot id=7047869203
